[18:31:57] [ServerMain/INFO]: [bootstrap] Running Java 21 (OpenJDK 64-Bit Server VM 21.0.7+6-Ubuntu-0ubuntu124.04; Ubuntu null) on Linux 6.8.0-1027-azure (amd64)
[18:31:57] [ServerMain/INFO]: [bootstrap] Loading Paper 1.21.5-114-ver/1.21.5@a1b3058 (2025-06-18T10:59:02Z) for Minecraft 1.21.5
[18:31:57] [ServerMain/INFO]: [PluginInitializerManager] Initializing plugins...
[18:32:03] [ServerMain/INFO]: [PluginInitializerManager] Initialized 16 plugins
[18:32:03] [ServerMain/INFO]: [PluginInitializerManager] Paper plugins (2):
 - HarderWardens (1.1.3), Veinminer (2.4.8)
[18:32:03] [ServerMain/INFO]: [PluginInitializerManager] Bukkit plugins (14):
 - AutoSort (0.1.8), CalcMod (1.4.2+paper.1.21.5), Essentials (2.21.2-dev+27-cc25a79), EssentialsChat (2.21.2-dev+27-cc25a79), FastAsyncWorldEdit (2.12.3), InstantRestock (2.5.2), PlaceholderAPI (2.11.6), PlugManX (2.4.1), ProtocolLib (5.3.0), SkinsRestorer (15.7.6), TeaksTweaks (2.0.10-mc1.21.5), UltraSetHome (1.7.9), ValhallaMMO (1.5.5), worldedit-selection-viewer (1.5)
[18:32:09] [ServerMain/INFO]: Environment: Environment[sessionHost=https://sessionserver.mojang.com, servicesHost=https://api.minecraftservices.com, name=PROD]
[18:32:12] [ServerMain/INFO]: Loaded 1373 recipes
[18:32:12] [ServerMain/INFO]: Loaded 1484 advancements
[18:32:13] [Server thread/INFO]: Starting minecraft server version 1.21.5
[18:32:13] [Server thread/INFO]: Loading properties
[18:32:13] [Server thread/INFO]: This server is running Paper version 1.21.5-114-ver/1.21.5@a1b3058 (2025-06-18T10:59:02Z) (Implementing API version 1.21.5-R0.1-SNAPSHOT)
[18:32:13] [Server thread/INFO]: [spark] This server bundles the spark profiler. For more information please visit https://docs.papermc.io/paper/profiling
[18:32:13] [Server thread/INFO]: Server Ping Player Sample Count: 12
[18:32:13] [Server thread/INFO]: Using 4 threads for Netty based IO
[18:32:13] [Server thread/INFO]: [MoonriseCommon] Paper is using 1 worker threads, 1 I/O threads
[18:32:13] [Server thread/INFO]: [ChunkTaskScheduler] Chunk system is using population gen parallelism: true
[18:32:14] [Server thread/INFO]: Default game type: SURVIVAL
[18:32:14] [Server thread/INFO]: Generating keypair
[18:32:14] [Server thread/INFO]: Starting Minecraft server on *:25565
[18:32:14] [Server thread/INFO]: Using epoll channel type
[18:32:14] [Server thread/INFO]: Paper: Using libdeflate (Linux x86_64) compression from Velocity.
[18:32:14] [Server thread/INFO]: Paper: Using OpenSSL 3.x.x (Linux x86_64) cipher from Velocity.
[18:32:16] [Server thread/INFO]: [SpigotLibraryLoader] [TeaksTweaks] Loading 4 libraries... please wait
[18:32:16] [Server thread/INFO]: [SpigotLibraryLoader] [TeaksTweaks] Loaded library /workspaces/shiny-funicular/servidor_minecraft/libraries/net/kyori/adventure-text-minimessage/4.17.0/adventure-text-minimessage-4.17.0.jar
[18:32:16] [Server thread/INFO]: [SpigotLibraryLoader] [TeaksTweaks] Loaded library /workspaces/shiny-funicular/servidor_minecraft/libraries/net/kyori/adventure-api/4.17.0/adventure-api-4.17.0.jar
[18:32:16] [Server thread/INFO]: [SpigotLibraryLoader] [TeaksTweaks] Loaded library /workspaces/shiny-funicular/servidor_minecraft/libraries/net/kyori/adventure-key/4.17.0/adventure-key-4.17.0.jar
[18:32:16] [Server thread/INFO]: [SpigotLibraryLoader] [TeaksTweaks] Loaded library /workspaces/shiny-funicular/servidor_minecraft/libraries/net/kyori/examination-api/1.3.0/examination-api-1.3.0.jar
[18:32:16] [Server thread/INFO]: [SpigotLibraryLoader] [TeaksTweaks] Loaded library /workspaces/shiny-funicular/servidor_minecraft/libraries/net/kyori/examination-string/1.3.0/examination-string-1.3.0.jar
[18:32:16] [Server thread/INFO]: [SpigotLibraryLoader] [TeaksTweaks] Loaded library /workspaces/shiny-funicular/servidor_minecraft/libraries/org/jetbrains/annotations/24.1.0/annotations-24.1.0.jar
[18:32:16] [Server thread/INFO]: [SpigotLibraryLoader] [TeaksTweaks] Loaded library /workspaces/shiny-funicular/servidor_minecraft/libraries/net/kyori/adventure-platform-bukkit/4.3.3/adventure-platform-bukkit-4.3.3.jar
[18:32:16] [Server thread/INFO]: [SpigotLibraryLoader] [TeaksTweaks] Loaded library /workspaces/shiny-funicular/servidor_minecraft/libraries/net/kyori/adventure-platform-api/4.3.3/adventure-platform-api-4.3.3.jar
[18:32:16] [Server thread/INFO]: [SpigotLibraryLoader] [TeaksTweaks] Loaded library /workspaces/shiny-funicular/servidor_minecraft/libraries/net/kyori/adventure-text-serializer-bungeecord/4.3.3/adventure-text-serializer-bungeecord-4.3.3.jar
[18:32:16] [Server thread/INFO]: [SpigotLibraryLoader] [TeaksTweaks] Loaded library /workspaces/shiny-funicular/servidor_minecraft/libraries/net/kyori/adventure-text-serializer-legacy/4.13.1/adventure-text-serializer-legacy-4.13.1.jar
[18:32:16] [Server thread/INFO]: [SpigotLibraryLoader] [TeaksTweaks] Loaded library /workspaces/shiny-funicular/servidor_minecraft/libraries/net/kyori/adventure-nbt/4.13.1/adventure-nbt-4.13.1.jar
[18:32:16] [Server thread/INFO]: [SpigotLibraryLoader] [TeaksTweaks] Loaded library /workspaces/shiny-funicular/servidor_minecraft/libraries/net/kyori/adventure-text-serializer-gson/4.13.1/adventure-text-serializer-gson-4.13.1.jar
[18:32:16] [Server thread/INFO]: [SpigotLibraryLoader] [TeaksTweaks] Loaded library /workspaces/shiny-funicular/servidor_minecraft/libraries/net/kyori/adventure-text-serializer-gson-legacy-impl/4.13.1/adventure-text-serializer-gson-legacy-impl-4.13.1.jar
[18:32:16] [Server thread/INFO]: [SpigotLibraryLoader] [TeaksTweaks] Loaded library /workspaces/shiny-funicular/servidor_minecraft/libraries/net/kyori/adventure-platform-facet/4.3.3/adventure-platform-facet-4.3.3.jar
[18:32:16] [Server thread/INFO]: [SpigotLibraryLoader] [TeaksTweaks] Loaded library /workspaces/shiny-funicular/servidor_minecraft/libraries/net/kyori/adventure-platform-viaversion/4.3.3/adventure-platform-viaversion-4.3.3.jar
[18:32:16] [Server thread/INFO]: [SpigotLibraryLoader] [TeaksTweaks] Loaded library /workspaces/shiny-funicular/servidor_minecraft/libraries/com/googlecode/json-simple/json-simple/1.1.1/json-simple-1.1.1.jar
[18:32:16] [Server thread/INFO]: [SpigotLibraryLoader] [TeaksTweaks] Loaded library /workspaces/shiny-funicular/servidor_minecraft/libraries/junit/junit/4.10/junit-4.10.jar
[18:32:16] [Server thread/INFO]: [SpigotLibraryLoader] [TeaksTweaks] Loaded library /workspaces/shiny-funicular/servidor_minecraft/libraries/org/hamcrest/hamcrest-core/1.1/hamcrest-core-1.1.jar
[18:32:16] [Server thread/INFO]: [SpigotLibraryLoader] [TeaksTweaks] Loaded library /workspaces/shiny-funicular/servidor_minecraft/libraries/com/squareup/okhttp3/okhttp/4.9.3/okhttp-4.9.3.jar
[18:32:16] [Server thread/INFO]: [SpigotLibraryLoader] [TeaksTweaks] Loaded library /workspaces/shiny-funicular/servidor_minecraft/libraries/com/squareup/okio/okio/2.8.0/okio-2.8.0.jar
[18:32:16] [Server thread/INFO]: [SpigotLibraryLoader] [TeaksTweaks] Loaded library /workspaces/shiny-funicular/servidor_minecraft/libraries/org/jetbrains/kotlin/kotlin-stdlib-common/1.4.0/kotlin-stdlib-common-1.4.0.jar
[18:32:16] [Server thread/INFO]: [SpigotLibraryLoader] [TeaksTweaks] Loaded library /workspaces/shiny-funicular/servidor_minecraft/libraries/org/jetbrains/kotlin/kotlin-stdlib/1.4.10/kotlin-stdlib-1.4.10.jar
[18:32:16] [Server thread/INFO]: [UltraSetHome] Loading server plugin UltraSetHome v1.7.9
[18:32:16] [Server thread/INFO]: [Essentials] Loading server plugin Essentials v2.21.2-dev+27-cc25a79
[18:32:17] [Server thread/INFO]: [PlaceholderAPI] Loading server plugin PlaceholderAPI v2.11.6
[18:32:17] [Server thread/INFO]: [FastAsyncWorldEdit] Loading server plugin FastAsyncWorldEdit v2.12.3
[18:32:17] [Server thread/INFO]: Got request to register class com.sk89q.worldedit.bukkit.BukkitServerInterface with WorldEdit [com.sk89q.worldedit.extension.platform.PlatformManager@3dc57266]
[18:32:17] [Server thread/INFO]: [ProtocolLib] Loading server plugin ProtocolLib v5.3.0
[18:32:17] [Server thread/WARN]: [ProtocolLib] Version (MC: 1.21.5) has not yet been tested! Proceed with caution.
[18:32:17] [Server thread/ERROR]:   [ProtocolLib] INTERNAL ERROR: Cannot load ProtocolLib.
  If this problem hasn't already been reported, please open a ticket
  at https://github.com/dmulloy2/ProtocolLib/issues with the following data:
  Stack Trace:
  java.lang.RuntimeException: Unable to find network.ProtocolInfo$a (network.ProtocolInfo$Unbound)
  	at ProtocolLib.jar//com.comphenix.protocol.utility.MinecraftReflection.lambda$getMinecraftClass$5(MinecraftReflection.java:1581)
  	at java.base/java.util.Optional.orElseThrow(Optional.java:403)
  	at ProtocolLib.jar//com.comphenix.protocol.utility.MinecraftReflection.getMinecraftClass(MinecraftReflection.java:1581)
  	at ProtocolLib.jar//com.comphenix.protocol.utility.MinecraftReflection.getProtocolInfoUnboundClass(MinecraftReflection.java:1878)
  	at ProtocolLib.jar//com.comphenix.protocol.injector.packet.PacketRegistry.createRegisterV1_20_5(PacketRegistry.java:367)
  	at ProtocolLib.jar//com.comphenix.protocol.injector.packet.PacketRegistry.initialize(PacketRegistry.java:552)
  	at ProtocolLib.jar//com.comphenix.protocol.injector.packet.PacketRegistry.getClientPacketTypes(PacketRegistry.java:604)
  	at ProtocolLib.jar//com.comphenix.protocol.injector.PacketFilterManager.<init>(PacketFilterManager.java:112)
  	at ProtocolLib.jar//com.comphenix.protocol.injector.PacketFilterBuilder.build(PacketFilterBuilder.java:121)
  	at ProtocolLib.jar//com.comphenix.protocol.ProtocolLib.onLoad(ProtocolLib.java:179)
  	at io.papermc.paper.plugin.storage.ServerPluginProviderStorage.processProvided(ServerPluginProviderStorage.java:59)
  	at io.papermc.paper.plugin.storage.ServerPluginProviderStorage.processProvided(ServerPluginProviderStorage.java:18)
  	at io.papermc.paper.plugin.storage.SimpleProviderStorage.enter(SimpleProviderStorage.java:39)
  	at io.papermc.paper.plugin.entrypoint.LaunchEntryPointHandler.enter(LaunchEntryPointHandler.java:39)
  	at org.bukkit.craftbukkit.CraftServer.loadPlugins(CraftServer.java:567)
  	at net.minecraft.server.dedicated.DedicatedServer.initServer(DedicatedServer.java:235)
  	at net.minecraft.server.MinecraftServer.runServer(MinecraftServer.java:1161)
  	at net.minecraft.server.MinecraftServer.lambda$spin$2(MinecraftServer.java:308)
  	at java.base/java.lang.Thread.run(Thread.java:1583)
  Dump:
  Parameters: 
    [NULL]
  Sender:
    com.comphenix.protocol.ProtocolLib@7e47da70[
      statistics=<null>
      packetTask=<null>
      tickCounter=0
      configExpectedMod=-1
      updater=com.comphenix.protocol.updater.SpigotUpdater@3c3c3035
      redirectHandler=<null>
      scheduler=com.comphenix.protocol.scheduler.DefaultScheduler@3af142f3
      commandProtocol=<null>
      commandPacket=<null>
      commandFilter=<null>
      packetLogging=<null>
      skipDisable=false
      isEnabled=false
      loader=io.papermc.paper.plugin.manager.DummyBukkitPluginLoader@73161bab
      server=CraftServer{serverName=Paper,serverVersion=1.21.5-114-a1b3058,minecraftVersion=1.21.5}
      file=plugins/ProtocolLib.jar
      description=org.bukkit.plugin.PluginDescriptionFile@34a2592d
      pluginMeta=org.bukkit.plugin.PluginDescriptionFile@34a2592d
      dataFolder=plugins/ProtocolLib
      classLoader=PluginClassLoader{plugin=ProtocolLib v5.3.0, pluginEnabled=false, url=plugins/ProtocolLib.jar}
      naggable=true
      newConfig=YamlConfiguration[path='', root='YamlConfiguration']
      configFile=plugins/ProtocolLib/config.yml
      logger=com.destroystokyo.paper.utils.PaperPluginLogger@4797bac4
      lifecycleEventManager=io.papermc.paper.plugin.lifecycle.event.PaperLifecycleEventManager@61dae82a
      allowsLifecycleRegistration=true
      isBeingEnabled=false
    ]
  Version:
    ProtocolLib v5.3.0
  Java Version:
    21.0.7
  Server:
    1.21.5-114-a1b3058 (MC: 1.21.5)

[18:32:17] [Server thread/INFO]: [HarderWardens] Loading server plugin HarderWardens v1.1.3
[18:32:17] [Server thread/INFO]: [CalcMod] Loading server plugin CalcMod v1.4.2+paper.1.21.5
[18:32:17] [Server thread/INFO]: [EssentialsChat] Loading server plugin EssentialsChat v2.21.2-dev+27-cc25a79
[18:32:17] [Server thread/INFO]: [AutoSort] Loading server plugin AutoSort v0.1.8
[18:32:17] [Server thread/INFO]: [PlugManX] Loading server plugin PlugManX v2.4.1
[18:32:17] [Server thread/INFO]: [InstantRestock] Loading server plugin InstantRestock v2.5.2
[18:32:17] [Server thread/INFO]: [Veinminer] Loading server plugin Veinminer v2.4.8
[18:32:17] [Server thread/INFO]: [Veinminer] Detected platform: Paper
[18:32:17] [Server thread/INFO]: [ValhallaMMO] Loading server plugin ValhallaMMO v1.5.5
[18:32:18] [Server thread/INFO]: [ValhallaMMO] Loading ValhallaMMO config with language en-us selected
[18:32:18] [Server thread/INFO]: [ValhallaMMO] Initialized plugin hook with PlaceholderAPI
[18:32:18] [Server thread/INFO]: [worldedit-selection-viewer] Loading server plugin worldedit-selection-viewer v1.5
[18:32:18] [Server thread/INFO]: [TeaksTweaks] Loading server plugin TeaksTweaks v2.0.10-mc1.21.5
[18:32:18] [Server thread/INFO]: [SkinsRestorer] Loading server plugin SkinsRestorer v15.7.6
[18:32:18] [Server thread/INFO]: Server permissions file permissions.yml is empty, ignoring it
[18:32:18] [Server thread/INFO]: [FastAsyncWorldEdit] Enabling FastAsyncWorldEdit v2.12.3
[18:32:18] [Server thread/INFO]: [com.fastasyncworldedit.core.Fawe] LZ4 Compression Binding loaded successfully
[18:32:18] [Server thread/INFO]: [com.fastasyncworldedit.core.Fawe] ZSTD Compression Binding loaded successfully
[18:32:18] [Server thread/INFO]: Registering commands with com.sk89q.worldedit.bukkit.BukkitServerInterface
[18:32:18] [Server thread/INFO]: WEPIF: Using the Bukkit Permissions API.
[18:32:19] [Server thread/WARN]: 
**********************************************
** This FastAsyncWorldEdit version does not fully support your version of Bukkit.
** You can fix this by:
** - Updating your server version (Check /version to see how many versions you are behind)
** - Updating FAWE
**
** When working with blocks or undoing, chests will be empty, signs
** will be blank, and so on. There will be no support for entity
** and block property-related functions.
**********************************************

[18:32:20] [Server thread/ERROR]: Unknown block: minecraft:grass. Neither the DataFixer nor defaulting worked to recognize this block.
[18:32:20] [Server thread/ERROR]: Unknown block: minecraft:sign[rotation=0]. Neither the DataFixer nor defaulting worked to recognize this block.
[18:32:20] [Server thread/ERROR]: Unknown block: minecraft:sign[rotation=1]. Neither the DataFixer nor defaulting worked to recognize this block.
[18:32:20] [Server thread/ERROR]: Unknown block: minecraft:sign[rotation=2]. Neither the DataFixer nor defaulting worked to recognize this block.
[18:32:20] [Server thread/ERROR]: Unknown block: minecraft:sign[rotation=3]. Neither the DataFixer nor defaulting worked to recognize this block.
[18:32:20] [Server thread/ERROR]: Unknown block: minecraft:sign[rotation=4]. Neither the DataFixer nor defaulting worked to recognize this block.
[18:32:20] [Server thread/ERROR]: Unknown block: minecraft:sign[rotation=5]. Neither the DataFixer nor defaulting worked to recognize this block.
[18:32:20] [Server thread/ERROR]: Unknown block: minecraft:sign[rotation=6]. Neither the DataFixer nor defaulting worked to recognize this block.
[18:32:20] [Server thread/ERROR]: Unknown block: minecraft:sign[rotation=7]. Neither the DataFixer nor defaulting worked to recognize this block.
[18:32:20] [Server thread/ERROR]: Unknown block: minecraft:sign[rotation=8]. Neither the DataFixer nor defaulting worked to recognize this block.
[18:32:20] [Server thread/ERROR]: Unknown block: minecraft:sign[rotation=9]. Neither the DataFixer nor defaulting worked to recognize this block.
[18:32:20] [Server thread/ERROR]: Unknown block: minecraft:sign[rotation=10]. Neither the DataFixer nor defaulting worked to recognize this block.
[18:32:20] [Server thread/ERROR]: Unknown block: minecraft:sign[rotation=11]. Neither the DataFixer nor defaulting worked to recognize this block.
[18:32:20] [Server thread/ERROR]: Unknown block: minecraft:sign[rotation=12]. Neither the DataFixer nor defaulting worked to recognize this block.
[18:32:20] [Server thread/ERROR]: Unknown block: minecraft:sign[rotation=13]. Neither the DataFixer nor defaulting worked to recognize this block.
[18:32:20] [Server thread/ERROR]: Unknown block: minecraft:sign[rotation=14]. Neither the DataFixer nor defaulting worked to recognize this block.
[18:32:20] [Server thread/ERROR]: Unknown block: minecraft:sign[rotation=15]. Neither the DataFixer nor defaulting worked to recognize this block.
[18:32:20] [Server thread/ERROR]: Unknown block: minecraft:wall_sign[facing=north]. Neither the DataFixer nor defaulting worked to recognize this block.
[18:32:20] [Server thread/ERROR]: Unknown block: minecraft:wall_sign[facing=south]. Neither the DataFixer nor defaulting worked to recognize this block.
[18:32:20] [Server thread/ERROR]: Unknown block: minecraft:wall_sign[facing=west]. Neither the DataFixer nor defaulting worked to recognize this block.
[18:32:20] [Server thread/ERROR]: Unknown block: minecraft:wall_sign[facing=east]. Neither the DataFixer nor defaulting worked to recognize this block.
[18:32:20] [Server thread/ERROR]: Unknown block: minecraft:grass_path. Neither the DataFixer nor defaulting worked to recognize this block.
[18:32:20] [Server thread/ERROR]: Unknown item: minecraft:grass. Neither the DataFixer nor defaulting worked to recognize this item.
[18:32:20] [Server thread/ERROR]: Unknown item: minecraft:grass_path. Neither the DataFixer nor defaulting worked to recognize this item.
[18:32:20] [Server thread/ERROR]: Unknown item: minecraft:sign. Neither the DataFixer nor defaulting worked to recognize this item.
[18:32:20] [Server thread/ERROR]: Unknown item: minecraft:rose_red. Neither the DataFixer nor defaulting worked to recognize this item.
[18:32:20] [Server thread/ERROR]: Unknown item: minecraft:cactus_green. Neither the DataFixer nor defaulting worked to recognize this item.
[18:32:20] [Server thread/ERROR]: Unknown item: minecraft:dandelion_yellow. Neither the DataFixer nor defaulting worked to recognize this item.
[18:32:20] [Server thread/INFO]: [ProtocolLib] Enabling ProtocolLib v5.3.0
[18:32:20] [Server thread/ERROR]: ******************************************************
[18:32:20] [Server thread/ERROR]: *** ProtocolLib does not support plugin reloaders! ***
[18:32:20] [Server thread/ERROR]: *** Please use the built-in reload command!        ***
[18:32:20] [Server thread/ERROR]: ******************************************************
[18:32:20] [Server thread/INFO]: [ProtocolLib] Disabling ProtocolLib v5.3.0
[18:32:20] [Server thread/INFO]: [PlugManX] Enabling PlugManX v2.4.1
[18:32:20] [Server thread/WARN]: [PlugManX] ~~~~~~~~~~~~~~~~~~~~~~~~~~~~~~~~~~~~~~~~~~~~~~~~~~~~~~~~~~~~~~~~~~~~~~
[18:32:20] [Server thread/WARN]: [PlugManX] It seems like you're running on paper.
[18:32:20] [Server thread/WARN]: [PlugManX] PlugManX cannot interact with paper-plugins, yet.
[18:32:20] [Server thread/WARN]: [PlugManX] Also, if you encounter any issues, please join my discord: https://discord.gg/GxEFhVY6ff
[18:32:20] [Server thread/WARN]: [PlugManX] Or create an issue on GitHub: https://github.com/TheBlackEntity/PlugMan
[18:32:20] [Server thread/WARN]: [PlugManX] ~~~~~~~~~~~~~~~~~~~~~~~~~~~~~~~~~~~~~~~~~~~~~~~~~~~~~~~~~~~~~~~~~~~~~~
[18:32:21] [Server thread/INFO]: [Veinminer] Enabling Veinminer v2.4.8
[18:32:21] [Server thread/INFO]: [SkinsRestorer] Enabling SkinsRestorer v15.7.6
[18:32:21] [DefaultDispatcher-worker-1/INFO]: [VeinminerUpdater] veinminer is up to date
[18:32:22] [Server thread/INFO]: [SkinsRestorer] Running on Minecraft 1.21.5.
[18:32:23] [Server thread/INFO]: [SkinsRestorer] Using paper join listener!
[18:32:23] [Server thread/INFO]: [PlaceholderAPI] Successfully registered internal expansion: skinsrestorer [15.7.6]
[18:32:23] [Server thread/INFO]: [SkinsRestorer] PlaceholderAPI expansion registered!
[18:32:23] [Server thread/WARN]: **** SERVER IS RUNNING IN OFFLINE/INSECURE MODE!
[18:32:23] [Server thread/WARN]: The server will make no attempt to authenticate usernames. Beware.
[18:32:23] [Server thread/WARN]: While this makes the game possible to play without internet access, it also opens up the ability for hackers to connect with any username they choose.
[18:32:23] [Server thread/WARN]: To change this, set "online-mode" to "true" in the server.properties file.
[18:32:23] [Server thread/INFO]: Preparing level "world"
[18:32:23] [Folia Async Scheduler Thread #1/INFO]: [SkinsRestorer] ----------------------------------------------
[18:32:23] [Folia Async Scheduler Thread #1/INFO]: [SkinsRestorer]     +==================+
[18:32:23] [Folia Async Scheduler Thread #1/INFO]: [SkinsRestorer]     |   SkinsRestorer  |
[18:32:23] [Folia Async Scheduler Thread #1/INFO]: [SkinsRestorer]     |------------------|
[18:32:23] [Folia Async Scheduler Thread #1/INFO]: [SkinsRestorer]     |  Standalone Mode |
[18:32:23] [Folia Async Scheduler Thread #1/INFO]: [SkinsRestorer]     +==================+
[18:32:23] [Folia Async Scheduler Thread #1/INFO]: [SkinsRestorer] ----------------------------------------------
[18:32:23] [Folia Async Scheduler Thread #1/INFO]: [SkinsRestorer]     Version: 15.7.6
[18:32:23] [Folia Async Scheduler Thread #1/INFO]: [SkinsRestorer]     Commit: 9abea93
[18:32:23] [Folia Async Scheduler Thread #1/INFO]: [SkinsRestorer]     This is the latest version!
[18:32:23] [Folia Async Scheduler Thread #1/INFO]: [SkinsRestorer] ----------------------------------------------
[18:32:23] [Folia Async Scheduler Thread #1/INFO]: [SkinsRestorer] Do you have issues? Read our troubleshooting guide: https://skinsrestorer.net/docs/troubleshooting
[18:32:23] [Folia Async Scheduler Thread #1/INFO]: [SkinsRestorer] Want to support SkinsRestorer? Consider donating: https://skinsrestorer.net/donate
[18:32:24] [Server thread/WARN]: Failed to load biomes via adapter (not present). Will load via bukkit
[18:32:24] [Server thread/INFO]: Preparing start region for dimension minecraft:overworld
[18:32:24] [Server thread/INFO]: Preparing spawn area: 0%
[18:32:25] [Server thread/INFO]: Preparing spawn area: 0%
[18:32:25] [Server thread/INFO]: Preparing spawn area: 0%
[18:32:25] [Server thread/INFO]: Preparing spawn area: 0%
[18:32:25] [Server thread/INFO]: Time elapsed: 1722 ms
[18:32:25] [Server thread/INFO]: Preparing start region for dimension minecraft:the_nether
[18:32:26] [Server thread/INFO]: Preparing spawn area: 0%
[18:32:26] [Server thread/INFO]: Time elapsed: 395 ms
[18:32:26] [Server thread/INFO]: Preparing start region for dimension minecraft:the_end
[18:32:26] [Server thread/INFO]: Preparing spawn area: 0%
[18:32:26] [Server thread/INFO]: Time elapsed: 217 ms
[18:32:26] [Server thread/INFO]: [UltraSetHome] Enabling UltraSetHome v1.7.9
[18:32:27] [Server thread/INFO]: [Essentials] Enabling Essentials v2.21.2-dev+27-cc25a79
[18:32:28] [Server thread/ERROR]: [Essentials] You are running an unsupported server version!
[18:32:28] [Server thread/INFO]: [Essentials] Attempting to convert old kits in config.yml to new kits.yml
[18:32:28] [Server thread/INFO]: [Essentials] No kits found to migrate.
[18:32:28] [Server thread/INFO]: [Essentials] Starting Essentials ban format conversion
[18:32:28] [Server thread/INFO]: [Essentials] Found 1 files to convert...
[18:32:28] [Server thread/INFO]: [Essentials] Converted 0/1
[18:32:28] [Server thread/INFO]: [Essentials] Ban format update complete.
[18:32:28] [Server thread/INFO]: [Essentials] Attempting to migrate ignore list to UUIDs
[18:32:28] [Server thread/INFO]: [Essentials] Done converting ignore list.
[18:32:28] [Server thread/INFO]: [Essentials] Attempting to migrate legacy userdata keys to Configurate
[18:32:28] [Server thread/INFO]: [Essentials] Done converting legacy userdata keys to Configurate.
[18:32:28] [Server thread/INFO]: [Essentials] Done converting mail list.
[18:32:28] [Server thread/INFO]: [Essentials] #===========================================================================#
[18:32:28] [Server thread/INFO]: [Essentials]  EssentialsX will now purge any NPC accounts which were incorrectly created.
[18:32:28] [Server thread/INFO]: [Essentials]  Only NPC accounts with the default starting balance will be deleted. If
[18:32:28] [Server thread/INFO]: [Essentials]  they turn out to be valid NPC accounts, they will be re-created as needed.
[18:32:28] [Server thread/INFO]: [Essentials]  Any files deleted here will be backed up to the 
[18:32:28] [Server thread/INFO]: [Essentials]  "plugins/Essentials/userdata-npc-backup" folder. If you notice any files
[18:32:28] [Server thread/INFO]: [Essentials]  have been purged incorrectly, you should restore it from the backup and
[18:32:28] [Server thread/INFO]: [Essentials]  report it to us on GitHub:
[18:32:28] [Server thread/INFO]: [Essentials]  https://github.com/EssentialsX/Essentials/issues/new/choose
[18:32:28] [Server thread/INFO]: [Essentials] 
[18:32:28] [Server thread/INFO]: [Essentials]  NOTE: This is a one-time process and will take several minutes if you have
[18:32:28] [Server thread/INFO]: [Essentials]  a lot of userdata files! If you interrupt this process, EssentialsX will
[18:32:28] [Server thread/INFO]: [Essentials]  skip the process until you rename or remove the backup folder.
[18:32:28] [Server thread/INFO]: [Essentials] #===========================================================================#
[18:32:28] [Server thread/INFO]: [Essentials] Found ~1 files under "plugins/Essentials/userdata"...
[18:32:28] [Server thread/INFO]: [Essentials] #===========================================================================#
[18:32:28] [Server thread/INFO]: [Essentials]  EssentialsX has finished purging NPC accounts.
[18:32:28] [Server thread/INFO]: [Essentials] 
[18:32:28] [Server thread/INFO]: [Essentials]  Deleted accounts: 0
[18:32:28] [Server thread/INFO]: [Essentials]  Total accounts processed: 1
[18:32:28] [Server thread/INFO]: [Essentials] 
[18:32:28] [Server thread/INFO]: [Essentials]  Purged accounts have been backed up to
[18:32:28] [Server thread/INFO]: [Essentials]  "plugins/Essentials/userdata-npc-backup", and can be restored from there
[18:32:28] [Server thread/INFO]: [Essentials]  if needed. Please report any files which have been incorrectly deleted
[18:32:28] [Server thread/INFO]: [Essentials]  to us on GitHub:
[18:32:28] [Server thread/INFO]: [Essentials]  https://github.com/EssentialsX/Essentials/issues/new/choose
[18:32:28] [Server thread/INFO]: [Essentials] #===========================================================================#
[18:32:28] [Server thread/INFO]: [Essentials] Selected Paper Material Tag Provider as the provider for MaterialTagProvider
[18:32:28] [Server thread/INFO]: [Essentials] Selected 1.17.1+ World Info Provider as the provider for WorldInfoProvider
[18:32:28] [Server thread/INFO]: [Essentials] Selected 1.12.2+ Player Locale Provider as the provider for PlayerLocaleProvider
[18:32:28] [Server thread/INFO]: [Essentials] Selected 1.14+ Sign Data Provider as the provider for SignDataProvider
[18:32:28] [Server thread/INFO]: [Essentials] Selected 1.11+ Item Unbreakable Provider as the provider for ItemUnbreakableProvider
[18:32:28] [Server thread/INFO]: [Essentials] Selected Reflection Online Mode Provider as the provider for OnlineModeProvider
[18:32:28] [Server thread/INFO]: [Essentials] Selected 1.13+ Spawn Egg Provider as the provider for SpawnEggProvider
[18:32:28] [Server thread/INFO]: [Essentials] Selected 1.8.3+ Spawner Item Provider as the provider for SpawnerItemProvider
[18:32:28] [Server thread/INFO]: [Essentials] Selected Paper Serialization Provider as the provider for SerializationProvider
[18:32:28] [Server thread/INFO]: [Essentials] Selected 1.14.4+ Persistent Data Container Provider as the provider for PersistentDataProvider
[18:32:28] [Server thread/INFO]: [Essentials] Selected Paper Container Provider as the provider for ContainerProvider
[18:32:28] [Server thread/INFO]: [Essentials] Selected 1.20.4+ Damage Event Provider as the provider for DamageEventProvider
[18:32:28] [Server thread/INFO]: [Essentials] Selected 1.20.5+ Banner Data Provider as the provider for BannerDataProvider
[18:32:28] [Server thread/INFO]: [Essentials] Selected Paper Server State Provider as the provider for ServerStateProvider
[18:32:28] [Server thread/INFO]: [Essentials] Selected 1.12+ Spawner Block Provider as the provider for SpawnerBlockProvider
[18:32:28] [Server thread/INFO]: [Essentials] Selected 1.20.6+ Potion Meta Provider as the provider for PotionMetaProvider
[18:32:28] [Server thread/INFO]: [Essentials] Selected 1.21.4+ Sync Commands Provider as the provider for SyncCommandsProvider
[18:32:28] [Server thread/INFO]: [Essentials] Selected Reflection Formatted Command Alias Provider as the provider for FormattedCommandAliasProvider
[18:32:28] [Server thread/INFO]: [Essentials] Selected 1.21+ InventoryView Interface ABI Provider as the provider for InventoryViewProvider
[18:32:28] [Server thread/INFO]: [Essentials] Selected Paper Known Commands Provider as the provider for KnownCommandsProvider
[18:32:28] [Server thread/INFO]: [Essentials] Selected Paper Biome Key Provider as the provider for BiomeKeyProvider
[18:32:28] [Server thread/INFO]: [Essentials] Selected Paper Tick Count Provider as the provider for TickCountProvider
[18:32:29] [Server thread/INFO]: [Essentials] Loaded 43880 items from items.json.
[18:32:29] [Server thread/INFO]: [Essentials] Using locale en
[18:32:29] [Server thread/INFO]: [Essentials] ServerListPingEvent: Spigot iterator API
[18:32:29] [Server thread/INFO]: [Essentials] Starting Metrics. Opt-out using the global bStats config.
[18:32:30] [Server thread/INFO]: [UltraSetHome] Essentials hooked successfully.
[18:32:30] [Server thread/INFO]: [Essentials] Using superperms-based permissions.
[18:32:30] [Server thread/INFO]: [PlaceholderAPI] Enabling PlaceholderAPI v2.11.6
[18:32:30] [Server thread/INFO]: [PlaceholderAPI] Fetching available expansion information...
[18:32:30] [Server thread/INFO]: [HarderWardens] Enabling HarderWardens v1.1.3
[18:32:30] [Server thread/INFO]: HarderWardens >> Plugin has been enabled!
[18:32:30] [Server thread/INFO]: [CalcMod] Enabling CalcMod v1.4.2+paper.1.21.5
[18:32:30] [Server thread/INFO]: [EssentialsChat] Enabling EssentialsChat v2.21.2-dev+27-cc25a79
[18:32:30] [Server thread/INFO]: [EssentialsChat] Starting Metrics. Opt-out using the global bStats config.
[18:32:30] [Server thread/INFO]: [AutoSort] Enabling AutoSort v0.1.8
[18:32:30] [Server thread/INFO]: [InstantRestock] Enabling InstantRestock v2.5.2
[18:32:31] [Server thread/INFO]: [InfiniteVillagerTrades] Enabled InstantRestock!
[18:32:31] [Server thread/INFO]: [ValhallaMMO] Enabling ValhallaMMO v1.5.5
[18:32:31] [Server thread/INFO]: [ValhallaMMO] NMS version NMS_v1_21_R4 registered!
[18:32:31] [Server thread/INFO]: [ValhallaMMO] Successfully hooked to paper version Paper_v1_21_R4
[18:32:31] [Server thread/INFO]: [ValhallaMMO] Resource pack hosting not established! Use /val resourcepack setup if you want ValhallaMMO's resource pack hosted for you
[18:32:31] [Server thread/WARN]: [ValhallaMMO] No valid host for the resource pack configured! You may ignore this warning if you've not set up the resource pack.
[18:32:31] [Server thread/INFO]: [ValhallaMMO] Database connection failed, attempting SQLite for profile persistence
[18:32:31] [Server thread/INFO]: [ValhallaMMO] MiniMessage support initialized
[18:32:31] [Server thread/INFO]: [ValhallaMMO] SQLite connection created! Deleting this file will reset everyone's progress, so back this file up or ignore it in case you want to delete/reset the configs.
[18:32:37] [Server thread/INFO]: [ValhallaMMO] Loading brewing recipes from plugins/ValhallaMMO/recipes/brewing_recipes.json
[18:32:37] [Server thread/INFO]: [ValhallaMMO] Loading crafting grid recipes from plugins/ValhallaMMO/recipes/grid_recipes.json
[18:32:37] [Server thread/INFO]: [ValhallaMMO] Loading smithing recipes from plugins/ValhallaMMO/recipes/smithing_recipes.json
[18:32:37] [Server thread/INFO]: [ValhallaMMO] Loading immersive recipes from plugins/ValhallaMMO/recipes/immersive_recipes.json
[18:32:37] [Server thread/INFO]: [ValhallaMMO] Loading cauldron recipes from plugins/ValhallaMMO/recipes/cauldron_recipes.json
[18:32:37] [Server thread/INFO]: [ValhallaMMO] Loading cooking recipes from plugins/ValhallaMMO/recipes/cooking_recipes.json
[18:32:37] [Server thread/INFO]: [ValhallaMMO] Loading brewing recipes from plugins/ValhallaMMO/recipes/brewing_recipes_1_20_6+.json
[18:32:37] [Server thread/INFO]: [PlaceholderAPI] Successfully registered internal expansion: valhallammo [1.5.5]
[18:32:37] [Server thread/INFO]: [worldedit-selection-viewer] Enabling worldedit-selection-viewer v1.5
[18:32:38] [Server thread/INFO]: [TeaksTweaks] Enabling TeaksTweaks v2.0.10-mc1.21.5
[18:32:38] [Server thread/INFO]: [TeaksTweaks] [INFO] Updated Plugin Config
[18:32:38] [Server thread/INFO]: [TeaksTweaks] [INFO] Loaded language file: en.json
[18:32:38] [Server thread/INFO]: [TeaksTweaks] [INFO] Registered Command: /teakstweaks
[18:32:38] [Server thread/INFO]: [TeaksTweaks] [INFO] Registered Command: /mechanics
[18:32:38] [Server thread/INFO]: [TeaksTweaks] [INFO] Registered Command: /packlist
[18:32:38] [Server thread/INFO]: [TeaksTweaks] [INFO]  
[18:32:38] [Server thread/INFO]: [TeaksTweaks] [INFO] Teak's Tweaks v2.0.10-mc1.21.5 has started!
[18:32:38] [Server thread/INFO]: [TeaksTweaks] [INFO]  
[18:32:39] [Server thread/INFO]: [PlaceholderAPI] Successfully registered internal expansion: teakstweaks [2.0.10-mc1.21.5]
[18:32:39] [Server thread/INFO]: [spark] Starting background profiler...
[18:32:41] [Server thread/INFO]: [PlaceholderAPI] Placeholder expansion registration initializing...
[18:32:41] [Server thread/INFO]: Done preparing level "world" (17.947s)
[18:32:41] [Server thread/INFO]: Running delayed init tasks
[18:32:41] [Craft Scheduler Thread - 1 - Essentials/INFO]: [Essentials] Fetching version information...
[18:32:41] [Server thread/INFO]: 0 placeholder hook(s) registered!
[18:32:41] [Server thread/INFO]: Done (46.322s)! For help, type "help"
[18:32:41] [Craft Scheduler Thread - 0 - PlaceholderAPI/INFO]: [PlaceholderAPI] Failed to check for updates on spigot.
[18:32:41] [Server thread/INFO]: [UltraSetHome] You are using the latest version of UltraSetHome.
[18:32:46] [Server thread/WARN]: Can't keep up! Is the server overloaded? Running 3211ms or 64 ticks behind
[18:34:21] [User Authenticator #0/INFO]: UUID of player AltRossell is fba9cb7c-e7b2-3962-93b2-6f53cdaca0c7
[18:34:24] [Server thread/INFO]: AltRossell joined the game
[18:34:25] [Server thread/INFO]: AltRossell[/10.147.18.205:49729] logged in with entity id 64 at ([world]-23.53671478783718, 80.0, 128.7350369419888)
[18:35:54] [Server thread/ERROR]: [com.fastasyncworldedit.bukkit.FaweBukkit] Persistent Brushes Failed
java.lang.NullPointerException: null
	at com.google.gson.internal.$Gson$Preconditions.checkNotNull($Gson$Preconditions.java:47) ~[gson-2.11.0.jar:?]
	at FastAsyncWorldEdit-Paper-2.12.3.jar/com.fastasyncworldedit.bukkit.util.ItemUtil.<init>(ItemUtil.java:32) ~[FastAsyncWorldEdit-Paper-2.12.3.jar:?]
	at FastAsyncWorldEdit-Paper-2.12.3.jar/com.fastasyncworldedit.bukkit.FaweBukkit.getItemUtil(FaweBukkit.java:146) ~[FastAsyncWorldEdit-Paper-2.12.3.jar:?]
	at FastAsyncWorldEdit-Paper-2.12.3.jar/com.fastasyncworldedit.bukkit.util.BukkitItemStack.getNativeItem(BukkitItemStack.java:37) ~[FastAsyncWorldEdit-Paper-2.12.3.jar:?]
	at FastAsyncWorldEdit-Paper-2.12.3.jar/com.sk89q.worldedit.LocalSession.getTool(LocalSession.java:1247) ~[FastAsyncWorldEdit-Paper-2.12.3.jar:?]
	at FastAsyncWorldEdit-Paper-2.12.3.jar/com.sk89q.worldedit.LocalSession.getTool(LocalSession.java:1240) ~[FastAsyncWorldEdit-Paper-2.12.3.jar:?]
	at FastAsyncWorldEdit-Paper-2.12.3.jar/com.sk89q.worldedit.extension.platform.PlatformManager.handlePlayerInput(PlatformManager.java:478) ~[FastAsyncWorldEdit-Paper-2.12.3.jar:?]
	at FastAsyncWorldEdit-Paper-2.12.3.jar/com.sk89q.worldedit.util.eventbus.MethodHandleEventHandler.dispatch(MethodHandleEventHandler.java:51) ~[FastAsyncWorldEdit-Paper-2.12.3.jar:?]
	at FastAsyncWorldEdit-Paper-2.12.3.jar/com.sk89q.worldedit.util.eventbus.EventHandler.handleEvent(EventHandler.java:73) ~[FastAsyncWorldEdit-Paper-2.12.3.jar:?]
	at FastAsyncWorldEdit-Paper-2.12.3.jar/com.sk89q.worldedit.util.eventbus.EventBus.dispatch(EventBus.java:193) ~[FastAsyncWorldEdit-Paper-2.12.3.jar:?]
	at FastAsyncWorldEdit-Paper-2.12.3.jar/com.sk89q.worldedit.util.eventbus.EventBus.post(EventBus.java:181) ~[FastAsyncWorldEdit-Paper-2.12.3.jar:?]
	at FastAsyncWorldEdit-Paper-2.12.3.jar/com.sk89q.worldedit.WorldEdit.handleArmSwing(WorldEdit.java:753) ~[FastAsyncWorldEdit-Paper-2.12.3.jar:?]
	at FastAsyncWorldEdit-Paper-2.12.3.jar/com.sk89q.worldedit.bukkit.WorldEditListener.onPlayerInteract(WorldEditListener.java:165) ~[FastAsyncWorldEdit-Paper-2.12.3.jar:?]
	at co.aikar.timings.TimedEventExecutor.execute(TimedEventExecutor.java:80) ~[paper-api-1.21.5-R0.1-SNAPSHOT.jar:?]
	at org.bukkit.plugin.RegisteredListener.callEvent(RegisteredListener.java:71) ~[paper-api-1.21.5-R0.1-SNAPSHOT.jar:?]
	at io.papermc.paper.plugin.manager.PaperEventManager.callEvent(PaperEventManager.java:54) ~[paper-1.21.5.jar:1.21.5-114-a1b3058]
	at io.papermc.paper.plugin.manager.PaperPluginManagerImpl.callEvent(PaperPluginManagerImpl.java:131) ~[paper-1.21.5.jar:1.21.5-114-a1b3058]
	at org.bukkit.plugin.SimplePluginManager.callEvent(SimplePluginManager.java:628) ~[paper-api-1.21.5-R0.1-SNAPSHOT.jar:?]
	at org.bukkit.craftbukkit.event.CraftEventFactory.callPlayerInteractEvent(CraftEventFactory.java:515) ~[paper-1.21.5.jar:1.21.5-114-a1b3058]
	at org.bukkit.craftbukkit.event.CraftEventFactory.callPlayerInteractEvent(CraftEventFactory.java:476) ~[paper-1.21.5.jar:1.21.5-114-a1b3058]
	at org.bukkit.craftbukkit.event.CraftEventFactory.callPlayerInteractEvent(CraftEventFactory.java:472) ~[paper-1.21.5.jar:1.21.5-114-a1b3058]
	at org.bukkit.craftbukkit.event.CraftEventFactory.callPlayerInteractEvent(CraftEventFactory.java:468) ~[paper-1.21.5.jar:1.21.5-114-a1b3058]
	at net.minecraft.server.network.ServerGamePacketListenerImpl.handleAnimate(ServerGamePacketListenerImpl.java:2546) ~[paper-1.21.5.jar:1.21.5-114-a1b3058]
	at net.minecraft.network.protocol.game.ServerboundSwingPacket.handle(ServerboundSwingPacket.java:34) ~[paper-1.21.5.jar:1.21.5-114-a1b3058]
	at net.minecraft.network.protocol.game.ServerboundSwingPacket.handle(ServerboundSwingPacket.java:9) ~[paper-1.21.5.jar:1.21.5-114-a1b3058]
	at net.minecraft.network.protocol.PacketUtils.lambda$ensureRunningOnSameThread$0(PacketUtils.java:29) ~[paper-1.21.5.jar:1.21.5-114-a1b3058]
	at net.minecraft.server.TickTask.run(TickTask.java:18) ~[paper-1.21.5.jar:1.21.5-114-a1b3058]
	at net.minecraft.util.thread.BlockableEventLoop.doRunTask(BlockableEventLoop.java:155) ~[paper-1.21.5.jar:1.21.5-114-a1b3058]
	at net.minecraft.util.thread.ReentrantBlockableEventLoop.doRunTask(ReentrantBlockableEventLoop.java:24) ~[paper-1.21.5.jar:1.21.5-114-a1b3058]
	at net.minecraft.server.MinecraftServer.doRunTask(MinecraftServer.java:1446) ~[paper-1.21.5.jar:1.21.5-114-a1b3058]
	at net.minecraft.server.MinecraftServer.doRunTask(MinecraftServer.java:175) ~[paper-1.21.5.jar:1.21.5-114-a1b3058]
	at net.minecraft.util.thread.BlockableEventLoop.pollTask(BlockableEventLoop.java:129) ~[paper-1.21.5.jar:1.21.5-114-a1b3058]
	at net.minecraft.server.MinecraftServer.pollTaskInternal(MinecraftServer.java:1426) ~[paper-1.21.5.jar:1.21.5-114-a1b3058]
	at net.minecraft.server.MinecraftServer.pollTask(MinecraftServer.java:1420) ~[paper-1.21.5.jar:1.21.5-114-a1b3058]
	at net.minecraft.util.thread.BlockableEventLoop.managedBlock(BlockableEventLoop.java:139) ~[paper-1.21.5.jar:1.21.5-114-a1b3058]
	at net.minecraft.server.MinecraftServer.managedBlock(MinecraftServer.java:1377) ~[paper-1.21.5.jar:1.21.5-114-a1b3058]
	at net.minecraft.server.MinecraftServer.waitUntilNextTick(MinecraftServer.java:1385) ~[paper-1.21.5.jar:1.21.5-114-a1b3058]
	at net.minecraft.server.MinecraftServer.runServer(MinecraftServer.java:1262) ~[paper-1.21.5.jar:1.21.5-114-a1b3058]
	at net.minecraft.server.MinecraftServer.lambda$spin$2(MinecraftServer.java:308) ~[paper-1.21.5.jar:1.21.5-114-a1b3058]
	at java.base/java.lang.Thread.run(Thread.java:1583) ~[?:?]
[18:39:45] [Server thread/INFO]: AltRossell lost connection: Disconnected
[18:39:45] [Server thread/INFO]: AltRossell left the game
[18:42:23] [User Authenticator #1/INFO]: UUID of player AltRossell is fba9cb7c-e7b2-3962-93b2-6f53cdaca0c7
[18:42:26] [Server thread/INFO]: AltRossell joined the game
[18:42:26] [Server thread/INFO]: AltRossell[/10.147.18.205:49778] logged in with entity id 755 at ([world]-30.860302114546982, 79.0, 137.52565409169992)
[18:43:20] [Server thread/INFO]: AltRossell was shot by Skeleton
[18:43:24] [Server thread/INFO]: Unknown or incomplete command, see below for error
/gamemode 1 AltRossell<--[HERE]
[18:43:34] [Server thread/INFO]: [Essentials] CONSOLE issued server command: /gamemode 1 AltRossell
[18:43:34] [Server thread/INFO]: Set game mode creative for AltRossell.
[18:45:03] [Server thread/INFO]: AltRossell lost connection: Disconnected
[18:45:03] [Server thread/INFO]: AltRossell left the game
